<?xml version="1.0" encoding="UTF-8"?>
<testng-results skipped="0" failed="0" total="2" passed="2">
  <reporter-output>
  </reporter-output>
  <suite name="Default suite" duration-ms="30" started-at="2020-03-10T10:32:02Z" finished-at="2020-03-10T10:32:02Z">
    <groups>
    </groups>
    <test name="Default test" duration-ms="30" started-at="2020-03-10T10:32:02Z" finished-at="2020-03-10T10:32:02Z">
      <class name="com.smokeTest.TestCases">
        <test-method status="PASS" signature="test1()[pri:0, instance:com.smokeTest.TestCases@50c87b21]" name="test1" duration-ms="12" started-at="2020-03-10T16:02:02Z" finished-at="2020-03-10T16:02:02Z">
          <reporter-output>
          </reporter-output>
        </test-method> <!-- test1 -->
        <test-method status="PASS" signature="test2()[pri:0, instance:com.smokeTest.TestCases@50c87b21]" name="test2" duration-ms="2" started-at="2020-03-10T16:02:02Z" finished-at="2020-03-10T16:02:02Z">
          <reporter-output>
          </reporter-output>
        </test-method> <!-- test2 -->
      </class> <!-- com.smokeTest.TestCases -->
    </test> <!-- Default test -->
  </suite> <!-- Default suite -->
</testng-results>
