<?xml version="1.0" encoding="UTF-8" ?>
<testsuite tests="3" failures="1" name="com.smokeTest.TestCases" time="0.011" errors="0" skipped="0">
  <properties>
[...]
</properties>
  <testcase classname="com.smokeTest.TestCases" name="test1" time="0.008"/>
  <testcase classname="com.smokeTest.TestCases" name="test2" time="0"/>
  <testcase classname="com.smokeTest.TestCases" name="test3" time="0.003">
    <failure message="expected [false] but found [true]" type="java.lang.AssertionError">java.lang.AssertionError: expected [false] but found [true]
	at org.testng.Assert.fail(Assert.java:94)
	at org.testng.Assert.failNotEquals(Assert.java:494)
	at org.testng.Assert.assertEquals(Assert.java:123)
	at org.testng.Assert.assertEquals(Assert.java:286)
	at org.testng.Assert.assertEquals(Assert.java:296)
	at com.smokeTest.TestCases.test3(TestCases.java:27)
</failure>
    <system-out>in test 3</system-out>
  </testcase>
</testsuite>